<?xml version="1.0" encoding="UTF-8"?>
<!-- Generated by org.testng.reporters.JUnitReportReporter -->
<testsuite hostname="LAPTOP-VTR22OTJ" failures="0" tests="1" name="TestRunner.Run" time="64.982" errors="0" timestamp="2023-06-23T01:05:12 IST" skipped="0">
  <testcase classname="TestRunner.Run" name="runScenario" time="64.982"/>
  <system-out/>
</testsuite> <!-- TestRunner.Run -->
