<?xml version="1.0" encoding="UTF-8"?>
<!-- Generated by org.testng.reporters.JUnitReportReporter -->
<testsuite hostname="LAPTOP-VTR22OTJ" failures="0" tests="2" name="TestRunner.Run" time="81.075" errors="0" timestamp="2023-06-23T14:39:40 IST" skipped="0">
  <testcase classname="TestRunner.Run" name="runScenario" time="13.672"/>
  <system-out/>
  <testcase classname="TestRunner.Run" name="runScenario" time="67.403"/>
  <system-out/>
</testsuite> <!-- TestRunner.Run -->
